[0.524s] DEBUG:colcon:Command line arguments: ['/usr/bin/colcon', 'list', '-p', '--base-paths', '/home/dead/ws_sensor_combined']
[0.524s] DEBUG:colcon:Parsed command line arguments: Namespace(log_base=None, log_level=None, verb_name='list', build_base='build', ignore_user_meta=False, metas=['./colcon.meta'], base_paths=['/home/dead/ws_sensor_combined'], packages_ignore=None, packages_ignore_regex=None, paths=None, packages_up_to=None, packages_up_to_regex=None, packages_above=None, packages_above_and_dependencies=None, packages_above_depth=None, packages_select_by_dep=None, packages_skip_by_dep=None, packages_skip_up_to=None, packages_select_build_failed=False, packages_skip_build_finished=False, packages_select_test_failures=False, packages_skip_test_passed=False, packages_select=None, packages_skip=None, packages_select_regex=None, packages_skip_regex=None, packages_start=None, packages_end=None, allow_overriding=[], topological_order=False, names_only=False, paths_only=True, topological_graph=False, topological_graph_dot=False, topological_graph_density=False, topological_graph_legend=False, topological_graph_dot_cluster=False, topological_graph_dot_include_skipped=False, mixin_files=None, mixin=None, verb_parser=<colcon_mixin.mixin.mixin_argument.MixinArgumentDecorator object at 0x78bf59a3e5c0>, verb_extension=<colcon_package_information.verb.list.ListVerb object at 0x78bf59bb6260>, main=<bound method ListVerb.main of <colcon_package_information.verb.list.ListVerb object at 0x78bf59bb6260>>, mixin_verb=('list',))
[1.652s] Level 1:colcon.colcon_core.package_discovery:discover_packages(colcon_meta) check parameters
[1.655s] Level 1:colcon.colcon_core.package_discovery:discover_packages(recursive) check parameters
[1.656s] Level 1:colcon.colcon_core.package_discovery:discover_packages(ignore) check parameters
[1.656s] Level 1:colcon.colcon_core.package_discovery:discover_packages(path) check parameters
[1.656s] Level 1:colcon.colcon_core.package_discovery:discover_packages(recursive) discover
[1.656s] INFO:colcon.colcon_core.package_discovery:Crawling recursively for packages in '/home/dead/ws_sensor_combined'
[1.658s] Level 1:colcon.colcon_core.package_identification:_identify(/home/dead/ws_sensor_combined) by extensions ['ignore', 'ignore_ament_install']
[1.658s] Level 1:colcon.colcon_core.package_identification:_identify(/home/dead/ws_sensor_combined) by extension 'ignore'
[1.659s] Level 1:colcon.colcon_core.package_identification:_identify(/home/dead/ws_sensor_combined) by extension 'ignore_ament_install'
[1.659s] Level 1:colcon.colcon_core.package_identification:_identify(/home/dead/ws_sensor_combined) by extensions ['colcon_pkg']
[1.659s] Level 1:colcon.colcon_core.package_identification:_identify(/home/dead/ws_sensor_combined) by extension 'colcon_pkg'
[1.659s] Level 1:colcon.colcon_core.package_identification:_identify(/home/dead/ws_sensor_combined) by extensions ['colcon_meta']
[1.659s] Level 1:colcon.colcon_core.package_identification:_identify(/home/dead/ws_sensor_combined) by extension 'colcon_meta'
[1.659s] Level 1:colcon.colcon_core.package_identification:_identify(/home/dead/ws_sensor_combined) by extensions ['ros']
[1.659s] Level 1:colcon.colcon_core.package_identification:_identify(/home/dead/ws_sensor_combined) by extension 'ros'
[1.747s] Level 1:colcon.colcon_core.package_identification:_identify(/home/dead/ws_sensor_combined) by extensions ['cmake', 'python']
[1.758s] Level 1:colcon.colcon_core.package_identification:_identify(/home/dead/ws_sensor_combined) by extension 'cmake'
[1.762s] Level 1:colcon.colcon_core.package_identification:_identify(/home/dead/ws_sensor_combined) by extension 'python'
[1.763s] Level 1:colcon.colcon_core.package_identification:_identify(/home/dead/ws_sensor_combined) by extensions ['python_setup_py']
[1.763s] Level 1:colcon.colcon_core.package_identification:_identify(/home/dead/ws_sensor_combined) by extension 'python_setup_py'
[1.780s] Level 1:colcon.colcon_core.package_identification:_identify(/home/dead/ws_sensor_combined/build) by extensions ['ignore', 'ignore_ament_install']
[1.789s] Level 1:colcon.colcon_core.package_identification:_identify(/home/dead/ws_sensor_combined/build) by extension 'ignore'
[1.790s] Level 1:colcon.colcon_core.package_identification:_identify(/home/dead/ws_sensor_combined/build) ignored
[1.801s] Level 1:colcon.colcon_core.package_identification:_identify(/home/dead/ws_sensor_combined/install) by extensions ['ignore', 'ignore_ament_install']
[1.802s] Level 1:colcon.colcon_core.package_identification:_identify(/home/dead/ws_sensor_combined/install) by extension 'ignore'
[1.824s] Level 1:colcon.colcon_core.package_identification:_identify(/home/dead/ws_sensor_combined/install) ignored
[1.824s] Level 1:colcon.colcon_core.package_identification:_identify(/home/dead/ws_sensor_combined/log) by extensions ['ignore', 'ignore_ament_install']
[1.825s] Level 1:colcon.colcon_core.package_identification:_identify(/home/dead/ws_sensor_combined/log) by extension 'ignore'
[1.825s] Level 1:colcon.colcon_core.package_identification:_identify(/home/dead/ws_sensor_combined/log) ignored
[1.825s] Level 1:colcon.colcon_core.package_identification:_identify(/home/dead/ws_sensor_combined/src) by extensions ['ignore', 'ignore_ament_install']
[1.825s] Level 1:colcon.colcon_core.package_identification:_identify(/home/dead/ws_sensor_combined/src) by extension 'ignore'
[1.825s] Level 1:colcon.colcon_core.package_identification:_identify(/home/dead/ws_sensor_combined/src) by extension 'ignore_ament_install'
[1.825s] Level 1:colcon.colcon_core.package_identification:_identify(/home/dead/ws_sensor_combined/src) by extensions ['colcon_pkg']
[1.825s] Level 1:colcon.colcon_core.package_identification:_identify(/home/dead/ws_sensor_combined/src) by extension 'colcon_pkg'
[1.846s] Level 1:colcon.colcon_core.package_identification:_identify(/home/dead/ws_sensor_combined/src) by extensions ['colcon_meta']
[1.846s] Level 1:colcon.colcon_core.package_identification:_identify(/home/dead/ws_sensor_combined/src) by extension 'colcon_meta'
[1.846s] Level 1:colcon.colcon_core.package_identification:_identify(/home/dead/ws_sensor_combined/src) by extensions ['ros']
[1.846s] Level 1:colcon.colcon_core.package_identification:_identify(/home/dead/ws_sensor_combined/src) by extension 'ros'
[1.847s] Level 1:colcon.colcon_core.package_identification:_identify(/home/dead/ws_sensor_combined/src) by extensions ['cmake', 'python']
[1.847s] Level 1:colcon.colcon_core.package_identification:_identify(/home/dead/ws_sensor_combined/src) by extension 'cmake'
[1.847s] Level 1:colcon.colcon_core.package_identification:_identify(/home/dead/ws_sensor_combined/src) by extension 'python'
[1.847s] Level 1:colcon.colcon_core.package_identification:_identify(/home/dead/ws_sensor_combined/src) by extensions ['python_setup_py']
[1.847s] Level 1:colcon.colcon_core.package_identification:_identify(/home/dead/ws_sensor_combined/src) by extension 'python_setup_py'
[1.847s] Level 1:colcon.colcon_core.package_identification:_identify(/home/dead/ws_sensor_combined/src/px4_msgs) by extensions ['ignore', 'ignore_ament_install']
[1.848s] Level 1:colcon.colcon_core.package_identification:_identify(/home/dead/ws_sensor_combined/src/px4_msgs) by extension 'ignore'
[1.848s] Level 1:colcon.colcon_core.package_identification:_identify(/home/dead/ws_sensor_combined/src/px4_msgs) by extension 'ignore_ament_install'
[1.848s] Level 1:colcon.colcon_core.package_identification:_identify(/home/dead/ws_sensor_combined/src/px4_msgs) by extensions ['colcon_pkg']
[1.848s] Level 1:colcon.colcon_core.package_identification:_identify(/home/dead/ws_sensor_combined/src/px4_msgs) by extension 'colcon_pkg'
[1.848s] Level 1:colcon.colcon_core.package_identification:_identify(/home/dead/ws_sensor_combined/src/px4_msgs) by extensions ['colcon_meta']
[1.848s] Level 1:colcon.colcon_core.package_identification:_identify(/home/dead/ws_sensor_combined/src/px4_msgs) by extension 'colcon_meta'
[1.848s] Level 1:colcon.colcon_core.package_identification:_identify(/home/dead/ws_sensor_combined/src/px4_msgs) by extensions ['ros']
[1.848s] Level 1:colcon.colcon_core.package_identification:_identify(/home/dead/ws_sensor_combined/src/px4_msgs) by extension 'ros'
[1.895s] DEBUG:colcon.colcon_core.package_identification:Package '/home/dead/ws_sensor_combined/src/px4_msgs' with type 'ros.ament_cmake' and name 'px4_msgs'
[1.896s] Level 1:colcon.colcon_core.package_identification:_identify(/home/dead/ws_sensor_combined/src/px4_ros_com) by extensions ['ignore', 'ignore_ament_install']
[1.897s] Level 1:colcon.colcon_core.package_identification:_identify(/home/dead/ws_sensor_combined/src/px4_ros_com) by extension 'ignore'
[1.897s] Level 1:colcon.colcon_core.package_identification:_identify(/home/dead/ws_sensor_combined/src/px4_ros_com) by extension 'ignore_ament_install'
[1.897s] Level 1:colcon.colcon_core.package_identification:_identify(/home/dead/ws_sensor_combined/src/px4_ros_com) by extensions ['colcon_pkg']
[1.897s] Level 1:colcon.colcon_core.package_identification:_identify(/home/dead/ws_sensor_combined/src/px4_ros_com) by extension 'colcon_pkg'
[1.897s] Level 1:colcon.colcon_core.package_identification:_identify(/home/dead/ws_sensor_combined/src/px4_ros_com) by extensions ['colcon_meta']
[1.897s] Level 1:colcon.colcon_core.package_identification:_identify(/home/dead/ws_sensor_combined/src/px4_ros_com) by extension 'colcon_meta'
[1.912s] Level 1:colcon.colcon_core.package_identification:_identify(/home/dead/ws_sensor_combined/src/px4_ros_com) by extensions ['ros']
[1.912s] Level 1:colcon.colcon_core.package_identification:_identify(/home/dead/ws_sensor_combined/src/px4_ros_com) by extension 'ros'
[1.958s] DEBUG:colcon.colcon_core.package_identification:Package '/home/dead/ws_sensor_combined/src/px4_ros_com' with type 'ros.ament_cmake' and name 'px4_ros_com'
[1.959s] Level 1:colcon.colcon_core.package_discovery:discover_packages(recursive) using defaults
