[0.207s] DEBUG:colcon:Command line arguments: ['/usr/bin/colcon', 'build']
[0.207s] DEBUG:colcon:Parsed command line arguments: Namespace(log_base=None, log_level=None, verb_name='build', build_base='build', install_base='install', merge_install=False, symlink_install=False, test_result_base=None, continue_on_error=False, executor='parallel', parallel_workers=4, event_handlers=None, ignore_user_meta=False, metas=['./colcon.meta'], base_paths=['.'], packages_ignore=None, packages_ignore_regex=None, paths=None, packages_up_to=None, packages_up_to_regex=None, packages_above=None, packages_above_and_dependencies=None, packages_above_depth=None, packages_select_by_dep=None, packages_skip_by_dep=None, packages_skip_up_to=None, packages_select_build_failed=False, packages_skip_build_finished=False, packages_select_test_failures=False, packages_skip_test_passed=False, packages_select=None, packages_skip=None, packages_select_regex=None, packages_skip_regex=None, packages_start=None, packages_end=None, allow_overriding=[], cmake_args=None, cmake_target=None, cmake_target_skip_unavailable=False, cmake_clean_cache=False, cmake_clean_first=False, cmake_force_configure=False, ament_cmake_args=None, catkin_cmake_args=None, catkin_skip_building_tests=False, mixin_files=None, mixin=None, verb_parser=<colcon_mixin.mixin.mixin_argument.MixinArgumentDecorator object at 0x753af1c64e80>, verb_extension=<colcon_core.verb.build.BuildVerb object at 0x753af1de65f0>, main=<bound method BuildVerb.main of <colcon_core.verb.build.BuildVerb object at 0x753af1de65f0>>, mixin_verb=('build',))
[0.456s] Level 1:colcon.colcon_core.package_discovery:discover_packages(colcon_meta) check parameters
[0.456s] Level 1:colcon.colcon_core.package_discovery:discover_packages(recursive) check parameters
[0.456s] Level 1:colcon.colcon_core.package_discovery:discover_packages(ignore) check parameters
[0.456s] Level 1:colcon.colcon_core.package_discovery:discover_packages(path) check parameters
[0.456s] Level 1:colcon.colcon_core.package_discovery:discover_packages(colcon_meta) discover
[0.456s] Level 1:colcon.colcon_core.package_discovery:discover_packages(recursive) discover
[0.456s] INFO:colcon.colcon_core.package_discovery:Crawling recursively for packages in '/home/dead/ws_sensor_combined'
[0.456s] Level 1:colcon.colcon_core.package_identification:_identify(.) by extensions ['ignore', 'ignore_ament_install']
[0.456s] Level 1:colcon.colcon_core.package_identification:_identify(.) by extension 'ignore'
[0.456s] Level 1:colcon.colcon_core.package_identification:_identify(.) by extension 'ignore_ament_install'
[0.456s] Level 1:colcon.colcon_core.package_identification:_identify(.) by extensions ['colcon_pkg']
[0.456s] Level 1:colcon.colcon_core.package_identification:_identify(.) by extension 'colcon_pkg'
[0.456s] Level 1:colcon.colcon_core.package_identification:_identify(.) by extensions ['colcon_meta']
[0.456s] Level 1:colcon.colcon_core.package_identification:_identify(.) by extension 'colcon_meta'
[0.456s] Level 1:colcon.colcon_core.package_identification:_identify(.) by extensions ['ros']
[0.456s] Level 1:colcon.colcon_core.package_identification:_identify(.) by extension 'ros'
[0.470s] Level 1:colcon.colcon_core.package_identification:_identify(.) by extensions ['cmake', 'python']
[0.470s] Level 1:colcon.colcon_core.package_identification:_identify(.) by extension 'cmake'
[0.470s] Level 1:colcon.colcon_core.package_identification:_identify(.) by extension 'python'
[0.470s] Level 1:colcon.colcon_core.package_identification:_identify(.) by extensions ['python_setup_py']
[0.470s] Level 1:colcon.colcon_core.package_identification:_identify(.) by extension 'python_setup_py'
[0.470s] Level 1:colcon.colcon_core.package_identification:_identify(build) by extensions ['ignore', 'ignore_ament_install']
[0.470s] Level 1:colcon.colcon_core.package_identification:_identify(build) by extension 'ignore'
[0.470s] Level 1:colcon.colcon_core.package_identification:_identify(build) ignored
[0.470s] Level 1:colcon.colcon_core.package_identification:_identify(install) by extensions ['ignore', 'ignore_ament_install']
[0.470s] Level 1:colcon.colcon_core.package_identification:_identify(install) by extension 'ignore'
[0.470s] Level 1:colcon.colcon_core.package_identification:_identify(install) ignored
[0.470s] Level 1:colcon.colcon_core.package_identification:_identify(log) by extensions ['ignore', 'ignore_ament_install']
[0.470s] Level 1:colcon.colcon_core.package_identification:_identify(log) by extension 'ignore'
[0.470s] Level 1:colcon.colcon_core.package_identification:_identify(log) ignored
[0.470s] Level 1:colcon.colcon_core.package_identification:_identify(src) by extensions ['ignore', 'ignore_ament_install']
[0.470s] Level 1:colcon.colcon_core.package_identification:_identify(src) by extension 'ignore'
[0.471s] Level 1:colcon.colcon_core.package_identification:_identify(src) by extension 'ignore_ament_install'
[0.471s] Level 1:colcon.colcon_core.package_identification:_identify(src) by extensions ['colcon_pkg']
[0.471s] Level 1:colcon.colcon_core.package_identification:_identify(src) by extension 'colcon_pkg'
[0.471s] Level 1:colcon.colcon_core.package_identification:_identify(src) by extensions ['colcon_meta']
[0.471s] Level 1:colcon.colcon_core.package_identification:_identify(src) by extension 'colcon_meta'
[0.471s] Level 1:colcon.colcon_core.package_identification:_identify(src) by extensions ['ros']
[0.471s] Level 1:colcon.colcon_core.package_identification:_identify(src) by extension 'ros'
[0.471s] Level 1:colcon.colcon_core.package_identification:_identify(src) by extensions ['cmake', 'python']
[0.471s] Level 1:colcon.colcon_core.package_identification:_identify(src) by extension 'cmake'
[0.471s] Level 1:colcon.colcon_core.package_identification:_identify(src) by extension 'python'
[0.471s] Level 1:colcon.colcon_core.package_identification:_identify(src) by extensions ['python_setup_py']
[0.471s] Level 1:colcon.colcon_core.package_identification:_identify(src) by extension 'python_setup_py'
[0.471s] Level 1:colcon.colcon_core.package_identification:_identify(src/px4_msgs) by extensions ['ignore', 'ignore_ament_install']
[0.471s] Level 1:colcon.colcon_core.package_identification:_identify(src/px4_msgs) by extension 'ignore'
[0.471s] Level 1:colcon.colcon_core.package_identification:_identify(src/px4_msgs) by extension 'ignore_ament_install'
[0.471s] Level 1:colcon.colcon_core.package_identification:_identify(src/px4_msgs) by extensions ['colcon_pkg']
[0.471s] Level 1:colcon.colcon_core.package_identification:_identify(src/px4_msgs) by extension 'colcon_pkg'
[0.471s] Level 1:colcon.colcon_core.package_identification:_identify(src/px4_msgs) by extensions ['colcon_meta']
[0.471s] Level 1:colcon.colcon_core.package_identification:_identify(src/px4_msgs) by extension 'colcon_meta'
[0.471s] Level 1:colcon.colcon_core.package_identification:_identify(src/px4_msgs) by extensions ['ros']
[0.471s] Level 1:colcon.colcon_core.package_identification:_identify(src/px4_msgs) by extension 'ros'
[0.474s] DEBUG:colcon.colcon_core.package_identification:Package 'src/px4_msgs' with type 'ros.ament_cmake' and name 'px4_msgs'
[0.474s] Level 1:colcon.colcon_core.package_identification:_identify(src/px4_ros_com) by extensions ['ignore', 'ignore_ament_install']
[0.474s] Level 1:colcon.colcon_core.package_identification:_identify(src/px4_ros_com) by extension 'ignore'
[0.474s] Level 1:colcon.colcon_core.package_identification:_identify(src/px4_ros_com) by extension 'ignore_ament_install'
[0.474s] Level 1:colcon.colcon_core.package_identification:_identify(src/px4_ros_com) by extensions ['colcon_pkg']
[0.474s] Level 1:colcon.colcon_core.package_identification:_identify(src/px4_ros_com) by extension 'colcon_pkg'
[0.474s] Level 1:colcon.colcon_core.package_identification:_identify(src/px4_ros_com) by extensions ['colcon_meta']
[0.474s] Level 1:colcon.colcon_core.package_identification:_identify(src/px4_ros_com) by extension 'colcon_meta'
[0.474s] Level 1:colcon.colcon_core.package_identification:_identify(src/px4_ros_com) by extensions ['ros']
[0.474s] Level 1:colcon.colcon_core.package_identification:_identify(src/px4_ros_com) by extension 'ros'
[0.475s] DEBUG:colcon.colcon_core.package_identification:Package 'src/px4_ros_com' with type 'ros.ament_cmake' and name 'px4_ros_com'
[0.475s] Level 1:colcon.colcon_core.package_discovery:discover_packages(recursive) using defaults
[0.475s] Level 1:colcon.colcon_core.package_discovery:discover_packages(ignore) discover
[0.475s] Level 1:colcon.colcon_core.package_discovery:discover_packages(ignore) using defaults
[0.475s] Level 1:colcon.colcon_core.package_discovery:discover_packages(path) discover
[0.475s] Level 1:colcon.colcon_core.package_discovery:discover_packages(path) using defaults
[0.515s] Level 1:colcon.colcon_core.package_discovery:discover_packages(prefix_path) check parameters
[0.515s] Level 1:colcon.colcon_core.package_discovery:discover_packages(prefix_path) discover
[0.517s] DEBUG:colcon.colcon_installed_package_information.package_discovery:Found 271 installed packages in /opt/ros/humble
[0.518s] Level 1:colcon.colcon_core.package_discovery:discover_packages(prefix_path) using defaults
[0.552s] Level 5:colcon.colcon_core.verb:set package 'px4_msgs' build argument 'cmake_args' from command line to 'None'
[0.553s] Level 5:colcon.colcon_core.verb:set package 'px4_msgs' build argument 'cmake_target' from command line to 'None'
[0.553s] Level 5:colcon.colcon_core.verb:set package 'px4_msgs' build argument 'cmake_target_skip_unavailable' from command line to 'False'
[0.553s] Level 5:colcon.colcon_core.verb:set package 'px4_msgs' build argument 'cmake_clean_cache' from command line to 'False'
[0.553s] Level 5:colcon.colcon_core.verb:set package 'px4_msgs' build argument 'cmake_clean_first' from command line to 'False'
[0.553s] Level 5:colcon.colcon_core.verb:set package 'px4_msgs' build argument 'cmake_force_configure' from command line to 'False'
[0.553s] Level 5:colcon.colcon_core.verb:set package 'px4_msgs' build argument 'ament_cmake_args' from command line to 'None'
[0.553s] Level 5:colcon.colcon_core.verb:set package 'px4_msgs' build argument 'catkin_cmake_args' from command line to 'None'
[0.553s] Level 5:colcon.colcon_core.verb:set package 'px4_msgs' build argument 'catkin_skip_building_tests' from command line to 'False'
[0.553s] DEBUG:colcon.colcon_core.verb:Building package 'px4_msgs' with the following arguments: {'ament_cmake_args': None, 'build_base': '/home/dead/ws_sensor_combined/build/px4_msgs', 'catkin_cmake_args': None, 'catkin_skip_building_tests': False, 'cmake_args': None, 'cmake_clean_cache': False, 'cmake_clean_first': False, 'cmake_force_configure': False, 'cmake_target': None, 'cmake_target_skip_unavailable': False, 'install_base': '/home/dead/ws_sensor_combined/install/px4_msgs', 'merge_install': False, 'path': '/home/dead/ws_sensor_combined/src/px4_msgs', 'symlink_install': False, 'test_result_base': None}
[0.554s] Level 5:colcon.colcon_core.verb:set package 'px4_ros_com' build argument 'cmake_args' from command line to 'None'
[0.554s] Level 5:colcon.colcon_core.verb:set package 'px4_ros_com' build argument 'cmake_target' from command line to 'None'
[0.554s] Level 5:colcon.colcon_core.verb:set package 'px4_ros_com' build argument 'cmake_target_skip_unavailable' from command line to 'False'
[0.554s] Level 5:colcon.colcon_core.verb:set package 'px4_ros_com' build argument 'cmake_clean_cache' from command line to 'False'
[0.554s] Level 5:colcon.colcon_core.verb:set package 'px4_ros_com' build argument 'cmake_clean_first' from command line to 'False'
[0.554s] Level 5:colcon.colcon_core.verb:set package 'px4_ros_com' build argument 'cmake_force_configure' from command line to 'False'
[0.554s] Level 5:colcon.colcon_core.verb:set package 'px4_ros_com' build argument 'ament_cmake_args' from command line to 'None'
[0.554s] Level 5:colcon.colcon_core.verb:set package 'px4_ros_com' build argument 'catkin_cmake_args' from command line to 'None'
[0.554s] Level 5:colcon.colcon_core.verb:set package 'px4_ros_com' build argument 'catkin_skip_building_tests' from command line to 'False'
[0.554s] DEBUG:colcon.colcon_core.verb:Building package 'px4_ros_com' with the following arguments: {'ament_cmake_args': None, 'build_base': '/home/dead/ws_sensor_combined/build/px4_ros_com', 'catkin_cmake_args': None, 'catkin_skip_building_tests': False, 'cmake_args': None, 'cmake_clean_cache': False, 'cmake_clean_first': False, 'cmake_force_configure': False, 'cmake_target': None, 'cmake_target_skip_unavailable': False, 'install_base': '/home/dead/ws_sensor_combined/install/px4_ros_com', 'merge_install': False, 'path': '/home/dead/ws_sensor_combined/src/px4_ros_com', 'symlink_install': False, 'test_result_base': None}
[0.554s] INFO:colcon.colcon_core.executor:Executing jobs using 'parallel' executor
[0.556s] DEBUG:colcon.colcon_parallel_executor.executor.parallel:run_until_complete
[0.557s] INFO:colcon.colcon_ros.task.ament_cmake.build:Building ROS package in '/home/dead/ws_sensor_combined/src/px4_msgs' with build type 'ament_cmake'
[0.557s] INFO:colcon.colcon_cmake.task.cmake.build:Building CMake package in '/home/dead/ws_sensor_combined/src/px4_msgs'
[0.558s] INFO:colcon.colcon_core.plugin_system:Skipping extension 'colcon_core.shell.bat': Not used on non-Windows systems
[0.559s] INFO:colcon.colcon_core.shell:Skip shell extension 'powershell' for command environment: Not usable outside of PowerShell
[0.559s] DEBUG:colcon.colcon_core.shell:Skip shell extension 'dsv' for command environment
[0.565s] DEBUG:colcon.colcon_core.event_handler.log_command:Invoking command in '/home/dead/ws_sensor_combined/build/px4_msgs': CMAKE_PREFIX_PATH=/opt/ros/humble /usr/bin/cmake /home/dead/ws_sensor_combined/src/px4_msgs -DCMAKE_INSTALL_PREFIX=/home/dead/ws_sensor_combined/install/px4_msgs
[3.505s] DEBUG:colcon.colcon_core.event_handler.log_command:Invoked command in '/home/dead/ws_sensor_combined/build/px4_msgs' returned '0': CMAKE_PREFIX_PATH=/opt/ros/humble /usr/bin/cmake /home/dead/ws_sensor_combined/src/px4_msgs -DCMAKE_INSTALL_PREFIX=/home/dead/ws_sensor_combined/install/px4_msgs
[3.506s] DEBUG:colcon.colcon_core.event_handler.log_command:Invoking command in '/home/dead/ws_sensor_combined/build/px4_msgs': CMAKE_PREFIX_PATH=/opt/ros/humble /usr/bin/cmake --build /home/dead/ws_sensor_combined/build/px4_msgs -- -j4 -l4
[327.328s] DEBUG:colcon.colcon_core.event_handler.log_command:Invoked command in '/home/dead/ws_sensor_combined/build/px4_msgs' returned '0': CMAKE_PREFIX_PATH=/opt/ros/humble /usr/bin/cmake --build /home/dead/ws_sensor_combined/build/px4_msgs -- -j4 -l4
[327.398s] DEBUG:colcon.colcon_core.event_handler.log_command:Invoking command in '/home/dead/ws_sensor_combined/build/px4_msgs': CMAKE_PREFIX_PATH=/opt/ros/humble /usr/bin/cmake --install /home/dead/ws_sensor_combined/build/px4_msgs
[328.684s] Level 1:colcon.colcon_core.environment:create_environment_scripts_only(px4_msgs)
[328.690s] DEBUG:colcon.colcon_core.event_handler.log_command:Invoked command in '/home/dead/ws_sensor_combined/build/px4_msgs' returned '0': CMAKE_PREFIX_PATH=/opt/ros/humble /usr/bin/cmake --install /home/dead/ws_sensor_combined/build/px4_msgs
[328.730s] Level 1:colcon.colcon_core.environment:checking '/home/dead/ws_sensor_combined/install/px4_msgs' for CMake module files
[328.733s] Level 1:colcon.colcon_core.environment:checking '/home/dead/ws_sensor_combined/install/px4_msgs' for CMake config files
[328.745s] Level 1:colcon.colcon_core.shell:create_environment_hook('px4_msgs', 'cmake_prefix_path')
[328.747s] INFO:colcon.colcon_core.shell:Creating environment hook '/home/dead/ws_sensor_combined/install/px4_msgs/share/px4_msgs/hook/cmake_prefix_path.ps1'
[328.759s] INFO:colcon.colcon_core.shell:Creating environment descriptor '/home/dead/ws_sensor_combined/install/px4_msgs/share/px4_msgs/hook/cmake_prefix_path.dsv'
[328.761s] INFO:colcon.colcon_core.shell:Creating environment hook '/home/dead/ws_sensor_combined/install/px4_msgs/share/px4_msgs/hook/cmake_prefix_path.sh'
[328.765s] Level 1:colcon.colcon_core.environment:checking '/home/dead/ws_sensor_combined/install/px4_msgs/lib'
[328.765s] Level 1:colcon.colcon_core.shell:create_environment_hook('px4_msgs', 'ld_library_path_lib')
[328.766s] INFO:colcon.colcon_core.shell:Creating environment hook '/home/dead/ws_sensor_combined/install/px4_msgs/share/px4_msgs/hook/ld_library_path_lib.ps1'
[328.767s] INFO:colcon.colcon_core.shell:Creating environment descriptor '/home/dead/ws_sensor_combined/install/px4_msgs/share/px4_msgs/hook/ld_library_path_lib.dsv'
[328.768s] INFO:colcon.colcon_core.shell:Creating environment hook '/home/dead/ws_sensor_combined/install/px4_msgs/share/px4_msgs/hook/ld_library_path_lib.sh'
[328.768s] Level 1:colcon.colcon_core.environment:checking '/home/dead/ws_sensor_combined/install/px4_msgs/bin'
[328.768s] Level 1:colcon.colcon_core.environment:checking '/home/dead/ws_sensor_combined/install/px4_msgs/lib/pkgconfig/px4_msgs.pc'
[328.775s] Level 1:colcon.colcon_core.environment:checking '/home/dead/ws_sensor_combined/install/px4_msgs/lib/python3.10/site-packages'
[328.775s] Level 1:colcon.colcon_core.environment:checking '/home/dead/ws_sensor_combined/install/px4_msgs/bin'
[328.776s] INFO:colcon.colcon_core.shell:Creating package script '/home/dead/ws_sensor_combined/install/px4_msgs/share/px4_msgs/package.ps1'
[328.778s] INFO:colcon.colcon_core.shell:Creating package descriptor '/home/dead/ws_sensor_combined/install/px4_msgs/share/px4_msgs/package.dsv'
[328.779s] INFO:colcon.colcon_core.shell:Creating package script '/home/dead/ws_sensor_combined/install/px4_msgs/share/px4_msgs/package.sh'
[328.780s] INFO:colcon.colcon_core.shell:Creating package script '/home/dead/ws_sensor_combined/install/px4_msgs/share/px4_msgs/package.bash'
[328.783s] INFO:colcon.colcon_core.shell:Creating package script '/home/dead/ws_sensor_combined/install/px4_msgs/share/px4_msgs/package.zsh'
[328.785s] Level 1:colcon.colcon_core.environment:create_file_with_runtime_dependencies(/home/dead/ws_sensor_combined/install/px4_msgs/share/colcon-core/packages/px4_msgs)
[328.791s] Level 1:colcon.colcon_core.environment:create_environment_scripts_only(px4_msgs)
[328.792s] Level 1:colcon.colcon_core.environment:checking '/home/dead/ws_sensor_combined/install/px4_msgs' for CMake module files
[328.792s] Level 1:colcon.colcon_core.environment:checking '/home/dead/ws_sensor_combined/install/px4_msgs' for CMake config files
[328.795s] Level 1:colcon.colcon_core.shell:create_environment_hook('px4_msgs', 'cmake_prefix_path')
[328.795s] INFO:colcon.colcon_core.shell:Creating environment hook '/home/dead/ws_sensor_combined/install/px4_msgs/share/px4_msgs/hook/cmake_prefix_path.ps1'
[328.796s] INFO:colcon.colcon_core.shell:Creating environment descriptor '/home/dead/ws_sensor_combined/install/px4_msgs/share/px4_msgs/hook/cmake_prefix_path.dsv'
[328.796s] INFO:colcon.colcon_core.shell:Creating environment hook '/home/dead/ws_sensor_combined/install/px4_msgs/share/px4_msgs/hook/cmake_prefix_path.sh'
[328.797s] Level 1:colcon.colcon_core.environment:checking '/home/dead/ws_sensor_combined/install/px4_msgs/lib'
[328.797s] Level 1:colcon.colcon_core.shell:create_environment_hook('px4_msgs', 'ld_library_path_lib')
[328.797s] INFO:colcon.colcon_core.shell:Creating environment hook '/home/dead/ws_sensor_combined/install/px4_msgs/share/px4_msgs/hook/ld_library_path_lib.ps1'
[328.798s] INFO:colcon.colcon_core.shell:Creating environment descriptor '/home/dead/ws_sensor_combined/install/px4_msgs/share/px4_msgs/hook/ld_library_path_lib.dsv'
[328.798s] INFO:colcon.colcon_core.shell:Creating environment hook '/home/dead/ws_sensor_combined/install/px4_msgs/share/px4_msgs/hook/ld_library_path_lib.sh'
[328.799s] Level 1:colcon.colcon_core.environment:checking '/home/dead/ws_sensor_combined/install/px4_msgs/bin'
[328.799s] Level 1:colcon.colcon_core.environment:checking '/home/dead/ws_sensor_combined/install/px4_msgs/lib/pkgconfig/px4_msgs.pc'
[328.799s] Level 1:colcon.colcon_core.environment:checking '/home/dead/ws_sensor_combined/install/px4_msgs/lib/python3.10/site-packages'
[328.799s] Level 1:colcon.colcon_core.environment:checking '/home/dead/ws_sensor_combined/install/px4_msgs/bin'
[328.800s] INFO:colcon.colcon_core.shell:Creating package script '/home/dead/ws_sensor_combined/install/px4_msgs/share/px4_msgs/package.ps1'
[328.800s] INFO:colcon.colcon_core.shell:Creating package descriptor '/home/dead/ws_sensor_combined/install/px4_msgs/share/px4_msgs/package.dsv'
[328.800s] INFO:colcon.colcon_core.shell:Creating package script '/home/dead/ws_sensor_combined/install/px4_msgs/share/px4_msgs/package.sh'
[328.801s] INFO:colcon.colcon_core.shell:Creating package script '/home/dead/ws_sensor_combined/install/px4_msgs/share/px4_msgs/package.bash'
[328.801s] INFO:colcon.colcon_core.shell:Creating package script '/home/dead/ws_sensor_combined/install/px4_msgs/share/px4_msgs/package.zsh'
[328.801s] Level 1:colcon.colcon_core.environment:create_file_with_runtime_dependencies(/home/dead/ws_sensor_combined/install/px4_msgs/share/colcon-core/packages/px4_msgs)
[328.805s] INFO:colcon.colcon_ros.task.ament_cmake.build:Building ROS package in '/home/dead/ws_sensor_combined/src/px4_ros_com' with build type 'ament_cmake'
[328.805s] INFO:colcon.colcon_cmake.task.cmake.build:Building CMake package in '/home/dead/ws_sensor_combined/src/px4_ros_com'
[328.806s] INFO:colcon.colcon_core.shell:Skip shell extension 'powershell' for command environment: Not usable outside of PowerShell
[328.806s] DEBUG:colcon.colcon_core.shell:Skip shell extension 'dsv' for command environment
[328.833s] DEBUG:colcon.colcon_core.event_handler.log_command:Invoking command in '/home/dead/ws_sensor_combined/build/px4_ros_com': AMENT_PREFIX_PATH=/home/dead/ws_sensor_combined/install/px4_msgs:${AMENT_PREFIX_PATH} CMAKE_PREFIX_PATH=/home/dead/ws_sensor_combined/install/px4_msgs:/opt/ros/humble LD_LIBRARY_PATH=/home/dead/ws_sensor_combined/install/px4_msgs/lib:${LD_LIBRARY_PATH} PYTHONPATH=/home/dead/ws_sensor_combined/install/px4_msgs/local/lib/python3.10/dist-packages:${PYTHONPATH} /usr/bin/cmake /home/dead/ws_sensor_combined/src/px4_ros_com -DCMAKE_INSTALL_PREFIX=/home/dead/ws_sensor_combined/install/px4_ros_com
[330.093s] DEBUG:colcon.colcon_core.event_handler.log_command:Invoked command in '/home/dead/ws_sensor_combined/build/px4_ros_com' returned '0': AMENT_PREFIX_PATH=/home/dead/ws_sensor_combined/install/px4_msgs:${AMENT_PREFIX_PATH} CMAKE_PREFIX_PATH=/home/dead/ws_sensor_combined/install/px4_msgs:/opt/ros/humble LD_LIBRARY_PATH=/home/dead/ws_sensor_combined/install/px4_msgs/lib:${LD_LIBRARY_PATH} PYTHONPATH=/home/dead/ws_sensor_combined/install/px4_msgs/local/lib/python3.10/dist-packages:${PYTHONPATH} /usr/bin/cmake /home/dead/ws_sensor_combined/src/px4_ros_com -DCMAKE_INSTALL_PREFIX=/home/dead/ws_sensor_combined/install/px4_ros_com
[330.094s] DEBUG:colcon.colcon_core.event_handler.log_command:Invoking command in '/home/dead/ws_sensor_combined/build/px4_ros_com': AMENT_PREFIX_PATH=/home/dead/ws_sensor_combined/install/px4_msgs:${AMENT_PREFIX_PATH} CMAKE_PREFIX_PATH=/home/dead/ws_sensor_combined/install/px4_msgs:/opt/ros/humble LD_LIBRARY_PATH=/home/dead/ws_sensor_combined/install/px4_msgs/lib:${LD_LIBRARY_PATH} PYTHONPATH=/home/dead/ws_sensor_combined/install/px4_msgs/local/lib/python3.10/dist-packages:${PYTHONPATH} /usr/bin/cmake --build /home/dead/ws_sensor_combined/build/px4_ros_com -- -j4 -l4
[354.230s] DEBUG:colcon.colcon_core.event_handler.log_command:Invoked command in '/home/dead/ws_sensor_combined/build/px4_ros_com' returned '0': AMENT_PREFIX_PATH=/home/dead/ws_sensor_combined/install/px4_msgs:${AMENT_PREFIX_PATH} CMAKE_PREFIX_PATH=/home/dead/ws_sensor_combined/install/px4_msgs:/opt/ros/humble LD_LIBRARY_PATH=/home/dead/ws_sensor_combined/install/px4_msgs/lib:${LD_LIBRARY_PATH} PYTHONPATH=/home/dead/ws_sensor_combined/install/px4_msgs/local/lib/python3.10/dist-packages:${PYTHONPATH} /usr/bin/cmake --build /home/dead/ws_sensor_combined/build/px4_ros_com -- -j4 -l4
[354.272s] DEBUG:colcon.colcon_core.event_handler.log_command:Invoking command in '/home/dead/ws_sensor_combined/build/px4_ros_com': AMENT_PREFIX_PATH=/home/dead/ws_sensor_combined/install/px4_msgs:${AMENT_PREFIX_PATH} CMAKE_PREFIX_PATH=/home/dead/ws_sensor_combined/install/px4_msgs:/opt/ros/humble LD_LIBRARY_PATH=/home/dead/ws_sensor_combined/install/px4_msgs/lib:${LD_LIBRARY_PATH} PYTHONPATH=/home/dead/ws_sensor_combined/install/px4_msgs/local/lib/python3.10/dist-packages:${PYTHONPATH} /usr/bin/cmake --install /home/dead/ws_sensor_combined/build/px4_ros_com
[354.346s] Level 1:colcon.colcon_core.environment:create_environment_scripts_only(px4_ros_com)
[354.358s] DEBUG:colcon.colcon_core.event_handler.log_command:Invoked command in '/home/dead/ws_sensor_combined/build/px4_ros_com' returned '0': AMENT_PREFIX_PATH=/home/dead/ws_sensor_combined/install/px4_msgs:${AMENT_PREFIX_PATH} CMAKE_PREFIX_PATH=/home/dead/ws_sensor_combined/install/px4_msgs:/opt/ros/humble LD_LIBRARY_PATH=/home/dead/ws_sensor_combined/install/px4_msgs/lib:${LD_LIBRARY_PATH} PYTHONPATH=/home/dead/ws_sensor_combined/install/px4_msgs/local/lib/python3.10/dist-packages:${PYTHONPATH} /usr/bin/cmake --install /home/dead/ws_sensor_combined/build/px4_ros_com
[354.362s] Level 1:colcon.colcon_core.environment:checking '/home/dead/ws_sensor_combined/install/px4_ros_com' for CMake module files
[354.363s] Level 1:colcon.colcon_core.environment:checking '/home/dead/ws_sensor_combined/install/px4_ros_com' for CMake config files
[354.366s] Level 1:colcon.colcon_core.shell:create_environment_hook('px4_ros_com', 'cmake_prefix_path')
[354.369s] INFO:colcon.colcon_core.shell:Creating environment hook '/home/dead/ws_sensor_combined/install/px4_ros_com/share/px4_ros_com/hook/cmake_prefix_path.ps1'
[354.384s] INFO:colcon.colcon_core.shell:Creating environment descriptor '/home/dead/ws_sensor_combined/install/px4_ros_com/share/px4_ros_com/hook/cmake_prefix_path.dsv'
[354.388s] INFO:colcon.colcon_core.shell:Creating environment hook '/home/dead/ws_sensor_combined/install/px4_ros_com/share/px4_ros_com/hook/cmake_prefix_path.sh'
[354.393s] Level 1:colcon.colcon_core.environment:checking '/home/dead/ws_sensor_combined/install/px4_ros_com/lib'
[354.394s] Level 1:colcon.colcon_core.shell:create_environment_hook('px4_ros_com', 'ld_library_path_lib')
[354.395s] INFO:colcon.colcon_core.shell:Creating environment hook '/home/dead/ws_sensor_combined/install/px4_ros_com/share/px4_ros_com/hook/ld_library_path_lib.ps1'
[354.396s] INFO:colcon.colcon_core.shell:Creating environment descriptor '/home/dead/ws_sensor_combined/install/px4_ros_com/share/px4_ros_com/hook/ld_library_path_lib.dsv'
[354.397s] INFO:colcon.colcon_core.shell:Creating environment hook '/home/dead/ws_sensor_combined/install/px4_ros_com/share/px4_ros_com/hook/ld_library_path_lib.sh'
[354.398s] Level 1:colcon.colcon_core.environment:checking '/home/dead/ws_sensor_combined/install/px4_ros_com/bin'
[354.398s] Level 1:colcon.colcon_core.environment:checking '/home/dead/ws_sensor_combined/install/px4_ros_com/lib/pkgconfig/px4_ros_com.pc'
[354.403s] Level 1:colcon.colcon_core.environment:checking '/home/dead/ws_sensor_combined/install/px4_ros_com/lib/python3.10/site-packages'
[354.403s] Level 1:colcon.colcon_core.environment:checking '/home/dead/ws_sensor_combined/install/px4_ros_com/bin'
[354.404s] INFO:colcon.colcon_core.shell:Creating package script '/home/dead/ws_sensor_combined/install/px4_ros_com/share/px4_ros_com/package.ps1'
[354.407s] INFO:colcon.colcon_core.shell:Creating package descriptor '/home/dead/ws_sensor_combined/install/px4_ros_com/share/px4_ros_com/package.dsv'
[354.408s] INFO:colcon.colcon_core.shell:Creating package script '/home/dead/ws_sensor_combined/install/px4_ros_com/share/px4_ros_com/package.sh'
[354.409s] INFO:colcon.colcon_core.shell:Creating package script '/home/dead/ws_sensor_combined/install/px4_ros_com/share/px4_ros_com/package.bash'
[354.411s] INFO:colcon.colcon_core.shell:Creating package script '/home/dead/ws_sensor_combined/install/px4_ros_com/share/px4_ros_com/package.zsh'
[354.413s] Level 1:colcon.colcon_core.environment:create_file_with_runtime_dependencies(/home/dead/ws_sensor_combined/install/px4_ros_com/share/colcon-core/packages/px4_ros_com)
[354.415s] Level 1:colcon.colcon_core.environment:create_environment_scripts_only(px4_ros_com)
[354.416s] Level 1:colcon.colcon_core.environment:checking '/home/dead/ws_sensor_combined/install/px4_ros_com' for CMake module files
[354.416s] Level 1:colcon.colcon_core.environment:checking '/home/dead/ws_sensor_combined/install/px4_ros_com' for CMake config files
[354.416s] Level 1:colcon.colcon_core.shell:create_environment_hook('px4_ros_com', 'cmake_prefix_path')
[354.416s] INFO:colcon.colcon_core.shell:Creating environment hook '/home/dead/ws_sensor_combined/install/px4_ros_com/share/px4_ros_com/hook/cmake_prefix_path.ps1'
[354.417s] INFO:colcon.colcon_core.shell:Creating environment descriptor '/home/dead/ws_sensor_combined/install/px4_ros_com/share/px4_ros_com/hook/cmake_prefix_path.dsv'
[354.417s] INFO:colcon.colcon_core.shell:Creating environment hook '/home/dead/ws_sensor_combined/install/px4_ros_com/share/px4_ros_com/hook/cmake_prefix_path.sh'
[354.418s] Level 1:colcon.colcon_core.environment:checking '/home/dead/ws_sensor_combined/install/px4_ros_com/lib'
[354.418s] Level 1:colcon.colcon_core.shell:create_environment_hook('px4_ros_com', 'ld_library_path_lib')
[354.419s] INFO:colcon.colcon_core.shell:Creating environment hook '/home/dead/ws_sensor_combined/install/px4_ros_com/share/px4_ros_com/hook/ld_library_path_lib.ps1'
[354.419s] INFO:colcon.colcon_core.shell:Creating environment descriptor '/home/dead/ws_sensor_combined/install/px4_ros_com/share/px4_ros_com/hook/ld_library_path_lib.dsv'
[354.420s] INFO:colcon.colcon_core.shell:Creating environment hook '/home/dead/ws_sensor_combined/install/px4_ros_com/share/px4_ros_com/hook/ld_library_path_lib.sh'
[354.420s] Level 1:colcon.colcon_core.environment:checking '/home/dead/ws_sensor_combined/install/px4_ros_com/bin'
[354.420s] Level 1:colcon.colcon_core.environment:checking '/home/dead/ws_sensor_combined/install/px4_ros_com/lib/pkgconfig/px4_ros_com.pc'
[354.420s] Level 1:colcon.colcon_core.environment:checking '/home/dead/ws_sensor_combined/install/px4_ros_com/lib/python3.10/site-packages'
[354.420s] Level 1:colcon.colcon_core.environment:checking '/home/dead/ws_sensor_combined/install/px4_ros_com/bin'
[354.421s] INFO:colcon.colcon_core.shell:Creating package script '/home/dead/ws_sensor_combined/install/px4_ros_com/share/px4_ros_com/package.ps1'
[354.421s] INFO:colcon.colcon_core.shell:Creating package descriptor '/home/dead/ws_sensor_combined/install/px4_ros_com/share/px4_ros_com/package.dsv'
[354.422s] INFO:colcon.colcon_core.shell:Creating package script '/home/dead/ws_sensor_combined/install/px4_ros_com/share/px4_ros_com/package.sh'
[354.422s] INFO:colcon.colcon_core.shell:Creating package script '/home/dead/ws_sensor_combined/install/px4_ros_com/share/px4_ros_com/package.bash'
[354.423s] INFO:colcon.colcon_core.shell:Creating package script '/home/dead/ws_sensor_combined/install/px4_ros_com/share/px4_ros_com/package.zsh'
[354.424s] Level 1:colcon.colcon_core.environment:create_file_with_runtime_dependencies(/home/dead/ws_sensor_combined/install/px4_ros_com/share/colcon-core/packages/px4_ros_com)
[354.426s] DEBUG:colcon.colcon_parallel_executor.executor.parallel:closing loop
[354.431s] DEBUG:colcon.colcon_parallel_executor.executor.parallel:loop closed
[354.431s] DEBUG:colcon.colcon_parallel_executor.executor.parallel:run_until_complete finished with '0'
[354.432s] DEBUG:colcon.colcon_core.event_reactor:joining thread
[354.510s] INFO:colcon.colcon_core.plugin_system:Skipping extension 'colcon_notification.desktop_notification.terminal_notifier': Not used on non-Darwin systems
[354.510s] INFO:colcon.colcon_core.plugin_system:Skipping extension 'colcon_notification.desktop_notification.win32': Not used on non-Windows systems
[354.510s] INFO:colcon.colcon_notification.desktop_notification:Sending desktop notification using 'notify2'
[355.136s] DEBUG:colcon.colcon_core.event_reactor:joined thread
[355.139s] INFO:colcon.colcon_core.shell:Creating prefix script '/home/dead/ws_sensor_combined/install/local_setup.ps1'
[355.142s] INFO:colcon.colcon_core.shell:Creating prefix util module '/home/dead/ws_sensor_combined/install/_local_setup_util_ps1.py'
[355.145s] INFO:colcon.colcon_core.shell:Creating prefix chain script '/home/dead/ws_sensor_combined/install/setup.ps1'
[355.150s] INFO:colcon.colcon_core.shell:Creating prefix script '/home/dead/ws_sensor_combined/install/local_setup.sh'
[355.151s] INFO:colcon.colcon_core.shell:Creating prefix util module '/home/dead/ws_sensor_combined/install/_local_setup_util_sh.py'
[355.152s] INFO:colcon.colcon_core.shell:Creating prefix chain script '/home/dead/ws_sensor_combined/install/setup.sh'
[355.153s] INFO:colcon.colcon_core.shell:Creating prefix script '/home/dead/ws_sensor_combined/install/local_setup.bash'
[355.155s] INFO:colcon.colcon_core.shell:Creating prefix chain script '/home/dead/ws_sensor_combined/install/setup.bash'
[355.156s] INFO:colcon.colcon_core.shell:Creating prefix script '/home/dead/ws_sensor_combined/install/local_setup.zsh'
[355.157s] INFO:colcon.colcon_core.shell:Creating prefix chain script '/home/dead/ws_sensor_combined/install/setup.zsh'
