[0.016s] Invoking command in '/home/dead/ws_sensor_combined/build/px4_ros_com': AMENT_PREFIX_PATH=/home/dead/ws_sensor_combined/install/px4_msgs:${AMENT_PREFIX_PATH} CMAKE_PREFIX_PATH=/home/dead/ws_sensor_combined/install/px4_msgs:/opt/ros/humble LD_LIBRARY_PATH=/home/dead/ws_sensor_combined/install/px4_msgs/lib:${LD_LIBRARY_PATH} PYTHONPATH=/home/dead/ws_sensor_combined/install/px4_msgs/local/lib/python3.10/dist-packages:${PYTHONPATH} /usr/bin/cmake /home/dead/ws_sensor_combined/src/px4_ros_com -DCMAKE_INSTALL_PREFIX=/home/dead/ws_sensor_combined/install/px4_ros_com
[0.088s] -- The C compiler identification is GNU 11.4.0
[0.142s] -- The CXX compiler identification is GNU 11.4.0
[0.155s] -- Detecting C compiler ABI info
[0.209s] -- Detecting C compiler ABI info - done
[0.214s] -- Check for working C compiler: /usr/bin/cc - skipped
[0.215s] -- Detecting C compile features
[0.216s] -- Detecting C compile features - done
[0.219s] -- Detecting CXX compiler ABI info
[0.281s] -- Detecting CXX compiler ABI info - done
[0.284s] -- Check for working CXX compiler: /usr/bin/c++ - skipped
[0.284s] -- Detecting CXX compile features
[0.284s] -- Detecting CXX compile features - done
[0.298s] -- Found ament_cmake: 1.3.11 (/opt/ros/humble/share/ament_cmake/cmake)
[0.420s] -- Found Python3: /usr/bin/python3 (found version "3.10.12") found components: Interpreter 
[0.518s] -- Found builtin_interfaces: 1.2.1 (/opt/ros/humble/share/builtin_interfaces/cmake)
[0.559s] -- Found rosidl_generator_c: 3.1.6 (/opt/ros/humble/share/rosidl_generator_c/cmake)
[0.566s] -- Found rosidl_adapter: 3.1.6 (/opt/ros/humble/share/rosidl_adapter/cmake)
[0.577s] -- Found rosidl_generator_cpp: 3.1.6 (/opt/ros/humble/share/rosidl_generator_cpp/cmake)
[0.592s] -- Using all available rosidl_typesupport_c: rosidl_typesupport_fastrtps_c;rosidl_typesupport_introspection_c
[0.609s] -- Using all available rosidl_typesupport_cpp: rosidl_typesupport_fastrtps_cpp;rosidl_typesupport_introspection_cpp
[0.625s] -- Found eigen3_cmake_module: 0.1.1 (/opt/ros/humble/share/eigen3_cmake_module/cmake)
[0.633s] -- Found Eigen3: TRUE (found version "3.4.0") 
[0.635s] -- Found geometry_msgs: 4.2.4 (/opt/ros/humble/share/geometry_msgs/cmake)
[0.665s] -- Found px4_msgs: 2.0.1 (/home/dead/ws_sensor_combined/install/px4_msgs/share/px4_msgs/cmake)
[0.676s] -- Found rclcpp: 16.0.11 (/opt/ros/humble/share/rclcpp/cmake)
[0.724s] -- Found rmw_implementation_cmake: 6.1.2 (/opt/ros/humble/share/rmw_implementation_cmake/cmake)
[0.728s] -- Found rmw_fastrtps_cpp: 6.2.7 (/opt/ros/humble/share/rmw_fastrtps_cpp/cmake)
[0.813s] -- Found OpenSSL: /usr/lib/x86_64-linux-gnu/libcrypto.so (found version "3.0.2")  
[0.834s] -- Found FastRTPS: /opt/ros/humble/include  
[0.862s] -- Using RMW implementation 'rmw_fastrtps_cpp' as default
[0.872s] -- Looking for pthread.h
[0.936s] -- Looking for pthread.h - found
[0.936s] -- Performing Test CMAKE_HAVE_LIBC_PTHREAD
[0.993s] -- Performing Test CMAKE_HAVE_LIBC_PTHREAD - Success
[0.994s] -- Found Threads: TRUE  
[1.063s] -- Found sensor_msgs: 4.2.4 (/opt/ros/humble/share/sensor_msgs/cmake)
[1.088s] -- Found rclpy: 3.3.15 (/opt/ros/humble/share/rclpy/cmake)
[1.098s] -- Found ament_lint_auto: 0.12.11 (/opt/ros/humble/share/ament_lint_auto/cmake)
[1.224s] -- Added test 'copyright' to check source files copyright and LICENSE
[1.231s] -- Added test 'cppcheck' to perform static code analysis on C / C++ code
[1.231s] -- Configured cppcheck include dirs: /home/dead/ws_sensor_combined/src/px4_ros_com/include;$<BUILD_INTERFACE:/home/dead/ws_sensor_combined/src/px4_ros_com/include/px4_ros_com>
[1.231s] -- Configured cppcheck exclude dirs and/or files: 
[1.234s] -- Added test 'cpplint' to check C / C++ code against the Google style
[1.234s] -- Configured cpplint exclude dirs and/or files: 
[1.234s] -- Added test 'flake8' to check Python code syntax and style conventions
[1.236s] -- Added test 'lint_cmake' to check CMake code style
[1.236s] -- Added test 'pep257' to check Python code against some of the docstring style conventions in PEP 257
[1.239s] -- Added test 'uncrustify' to check C / C++ code style
[1.239s] -- Configured uncrustify additional arguments: 
[1.240s] -- Added test 'xmllint' to check XML markup files
[1.242s] -- Configuring done
[1.260s] -- Generating done
[1.267s] -- Build files have been written to: /home/dead/ws_sensor_combined/build/px4_ros_com
[1.276s] Invoked command in '/home/dead/ws_sensor_combined/build/px4_ros_com' returned '0': AMENT_PREFIX_PATH=/home/dead/ws_sensor_combined/install/px4_msgs:${AMENT_PREFIX_PATH} CMAKE_PREFIX_PATH=/home/dead/ws_sensor_combined/install/px4_msgs:/opt/ros/humble LD_LIBRARY_PATH=/home/dead/ws_sensor_combined/install/px4_msgs/lib:${LD_LIBRARY_PATH} PYTHONPATH=/home/dead/ws_sensor_combined/install/px4_msgs/local/lib/python3.10/dist-packages:${PYTHONPATH} /usr/bin/cmake /home/dead/ws_sensor_combined/src/px4_ros_com -DCMAKE_INSTALL_PREFIX=/home/dead/ws_sensor_combined/install/px4_ros_com
[1.277s] Invoking command in '/home/dead/ws_sensor_combined/build/px4_ros_com': AMENT_PREFIX_PATH=/home/dead/ws_sensor_combined/install/px4_msgs:${AMENT_PREFIX_PATH} CMAKE_PREFIX_PATH=/home/dead/ws_sensor_combined/install/px4_msgs:/opt/ros/humble LD_LIBRARY_PATH=/home/dead/ws_sensor_combined/install/px4_msgs/lib:${LD_LIBRARY_PATH} PYTHONPATH=/home/dead/ws_sensor_combined/install/px4_msgs/local/lib/python3.10/dist-packages:${PYTHONPATH} /usr/bin/cmake --build /home/dead/ws_sensor_combined/build/px4_ros_com -- -j4 -l4
[1.325s] [  8%] [32mBuilding CXX object CMakeFiles/sensor_combined_listener.dir/src/examples/listeners/sensor_combined_listener.cpp.o[0m
[1.325s] [ 16%] [32mBuilding CXX object CMakeFiles/vehicle_gps_position_listener.dir/src/examples/listeners/vehicle_gps_position_listener.cpp.o[0m
[1.329s] [ 25%] [32mBuilding CXX object CMakeFiles/debug_vect_advertiser.dir/src/examples/advertisers/debug_vect_advertiser.cpp.o[0m
[1.333s] [ 33%] [32mBuilding CXX object CMakeFiles/frame_transforms.dir/src/lib/frame_transforms.cpp.o[0m
[13.085s] [ 41%] [32m[1mLinking CXX executable debug_vect_advertiser[0m
[13.588s] [ 41%] Built target debug_vect_advertiser
[13.664s] [ 50%] [32mBuilding CXX object CMakeFiles/offboard_control.dir/src/examples/offboard/offboard_control.cpp.o[0m
[18.303s] [ 58%] [32m[1mLinking CXX shared library libframe_transforms.so[0m
[18.655s] [ 66%] [32m[1mLinking CXX executable vehicle_gps_position_listener[0m
[18.936s] [ 75%] [32m[1mLinking CXX executable sensor_combined_listener[0m
[19.074s] [ 75%] Built target frame_transforms
[19.198s] [ 83%] [32mBuilding CXX object CMakeFiles/offboard_control_srv.dir/src/examples/offboard/offboard_control_srv.cpp.o[0m
[19.591s] [ 83%] Built target vehicle_gps_position_listener
[19.668s] [ 83%] Built target ament_cmake_python_copy_px4_ros_com
[19.706s] [ 83%] Built target sensor_combined_listener
[20.771s] running egg_info
[20.771s] creating px4_ros_com.egg-info
[20.771s] writing px4_ros_com.egg-info/PKG-INFO
[20.771s] writing dependency_links to px4_ros_com.egg-info/dependency_links.txt
[20.771s] writing top-level names to px4_ros_com.egg-info/top_level.txt
[20.771s] writing manifest file 'px4_ros_com.egg-info/SOURCES.txt'
[20.775s] reading manifest file 'px4_ros_com.egg-info/SOURCES.txt'
[20.776s] writing manifest file 'px4_ros_com.egg-info/SOURCES.txt'
[20.821s] [ 83%] Built target ament_cmake_python_build_px4_ros_com_egg
[22.561s] [ 91%] [32m[1mLinking CXX executable offboard_control[0m
[22.778s] [ 91%] Built target offboard_control
[25.105s] [100%] [32m[1mLinking CXX executable offboard_control_srv[0m
[25.302s] [100%] Built target offboard_control_srv
[25.407s] Invoked command in '/home/dead/ws_sensor_combined/build/px4_ros_com' returned '0': AMENT_PREFIX_PATH=/home/dead/ws_sensor_combined/install/px4_msgs:${AMENT_PREFIX_PATH} CMAKE_PREFIX_PATH=/home/dead/ws_sensor_combined/install/px4_msgs:/opt/ros/humble LD_LIBRARY_PATH=/home/dead/ws_sensor_combined/install/px4_msgs/lib:${LD_LIBRARY_PATH} PYTHONPATH=/home/dead/ws_sensor_combined/install/px4_msgs/local/lib/python3.10/dist-packages:${PYTHONPATH} /usr/bin/cmake --build /home/dead/ws_sensor_combined/build/px4_ros_com -- -j4 -l4
[25.454s] Invoking command in '/home/dead/ws_sensor_combined/build/px4_ros_com': AMENT_PREFIX_PATH=/home/dead/ws_sensor_combined/install/px4_msgs:${AMENT_PREFIX_PATH} CMAKE_PREFIX_PATH=/home/dead/ws_sensor_combined/install/px4_msgs:/opt/ros/humble LD_LIBRARY_PATH=/home/dead/ws_sensor_combined/install/px4_msgs/lib:${LD_LIBRARY_PATH} PYTHONPATH=/home/dead/ws_sensor_combined/install/px4_msgs/local/lib/python3.10/dist-packages:${PYTHONPATH} /usr/bin/cmake --install /home/dead/ws_sensor_combined/build/px4_ros_com
[25.479s] -- Install configuration: ""
[25.480s] -- Installing: /home/dead/ws_sensor_combined/install/px4_ros_com/lib/px4_ros_com/sensor_combined_listener
[25.480s] -- Set runtime path of "/home/dead/ws_sensor_combined/install/px4_ros_com/lib/px4_ros_com/sensor_combined_listener" to ""
[25.480s] -- Installing: /home/dead/ws_sensor_combined/install/px4_ros_com/lib/px4_ros_com/vehicle_gps_position_listener
[25.480s] -- Set runtime path of "/home/dead/ws_sensor_combined/install/px4_ros_com/lib/px4_ros_com/vehicle_gps_position_listener" to ""
[25.480s] -- Installing: /home/dead/ws_sensor_combined/install/px4_ros_com/lib/px4_ros_com/debug_vect_advertiser
[25.480s] -- Set runtime path of "/home/dead/ws_sensor_combined/install/px4_ros_com/lib/px4_ros_com/debug_vect_advertiser" to ""
[25.480s] -- Installing: /home/dead/ws_sensor_combined/install/px4_ros_com/lib/px4_ros_com/offboard_control
[25.480s] -- Set runtime path of "/home/dead/ws_sensor_combined/install/px4_ros_com/lib/px4_ros_com/offboard_control" to ""
[25.480s] -- Installing: /home/dead/ws_sensor_combined/install/px4_ros_com/lib/px4_ros_com/offboard_control_srv
[25.480s] -- Set runtime path of "/home/dead/ws_sensor_combined/install/px4_ros_com/lib/px4_ros_com/offboard_control_srv" to ""
[25.480s] -- Installing: /home/dead/ws_sensor_combined/install/px4_ros_com/share/px4_ros_com/environment/library_path.sh
[25.480s] -- Installing: /home/dead/ws_sensor_combined/install/px4_ros_com/share/px4_ros_com/environment/library_path.dsv
[25.480s] -- Installing: /home/dead/ws_sensor_combined/install/px4_ros_com/include/px4_ros_com
[25.480s] -- Installing: /home/dead/ws_sensor_combined/install/px4_ros_com/include/px4_ros_com/frame_transforms.h
[25.480s] -- Installing: /home/dead/ws_sensor_combined/install/px4_ros_com/lib/libframe_transforms.so
[25.483s] -- Set runtime path of "/home/dead/ws_sensor_combined/install/px4_ros_com/lib/libframe_transforms.so" to ""
[25.483s] -- Installing: /home/dead/ws_sensor_combined/install/px4_ros_com/share/px4_ros_com//launch
[25.483s] -- Installing: /home/dead/ws_sensor_combined/install/px4_ros_com/share/px4_ros_com//launch/offboard_control_launch.yaml
[25.484s] -- Installing: /home/dead/ws_sensor_combined/install/px4_ros_com/share/px4_ros_com//launch/sensor_combined_listener.launch.py
[25.484s] -- Installing: /home/dead/ws_sensor_combined/install/px4_ros_com/share/px4_ros_com//test
[25.484s] -- Installing: /home/dead/ws_sensor_combined/install/px4_ros_com/share/px4_ros_com//test/test_input.py
[25.484s] -- Installing: /home/dead/ws_sensor_combined/install/px4_ros_com/share/px4_ros_com//test/__init__.py
[25.485s] -- Installing: /home/dead/ws_sensor_combined/install/px4_ros_com/share/px4_ros_com//test/test_output.py
[25.485s] -- Installing: /home/dead/ws_sensor_combined/install/px4_ros_com/share/px4_ros_com//test/pipeline_io_test.py
[25.485s] -- Installing: /home/dead/ws_sensor_combined/install/px4_ros_com/share/px4_ros_com/environment/pythonpath.sh
[25.485s] -- Installing: /home/dead/ws_sensor_combined/install/px4_ros_com/share/px4_ros_com/environment/pythonpath.dsv
[25.486s] -- Installing: /home/dead/ws_sensor_combined/install/px4_ros_com/local/lib/python3.10/dist-packages/px4_ros_com-0.1.0-py3.10.egg-info
[25.487s] -- Installing: /home/dead/ws_sensor_combined/install/px4_ros_com/local/lib/python3.10/dist-packages/px4_ros_com-0.1.0-py3.10.egg-info/dependency_links.txt
[25.487s] -- Installing: /home/dead/ws_sensor_combined/install/px4_ros_com/local/lib/python3.10/dist-packages/px4_ros_com-0.1.0-py3.10.egg-info/PKG-INFO
[25.487s] -- Installing: /home/dead/ws_sensor_combined/install/px4_ros_com/local/lib/python3.10/dist-packages/px4_ros_com-0.1.0-py3.10.egg-info/SOURCES.txt
[25.487s] -- Installing: /home/dead/ws_sensor_combined/install/px4_ros_com/local/lib/python3.10/dist-packages/px4_ros_com-0.1.0-py3.10.egg-info/top_level.txt
[25.487s] -- Installing: /home/dead/ws_sensor_combined/install/px4_ros_com/local/lib/python3.10/dist-packages/px4_ros_com
[25.487s] -- Installing: /home/dead/ws_sensor_combined/install/px4_ros_com/local/lib/python3.10/dist-packages/px4_ros_com/__init__.py
[25.487s] -- Installing: /home/dead/ws_sensor_combined/install/px4_ros_com/local/lib/python3.10/dist-packages/px4_ros_com/module_to_import.py
[25.514s] Listing '/home/dead/ws_sensor_combined/install/px4_ros_com/local/lib/python3.10/dist-packages/px4_ros_com'...
[25.514s] Compiling '/home/dead/ws_sensor_combined/install/px4_ros_com/local/lib/python3.10/dist-packages/px4_ros_com/__init__.py'...
[25.514s] Compiling '/home/dead/ws_sensor_combined/install/px4_ros_com/local/lib/python3.10/dist-packages/px4_ros_com/module_to_import.py'...
[25.518s] -- Installing: /home/dead/ws_sensor_combined/install/px4_ros_com/lib/px4_ros_com/offboard_control.py
[25.518s] -- Installing: /home/dead/ws_sensor_combined/install/px4_ros_com/share/ament_index/resource_index/package_run_dependencies/px4_ros_com
[25.519s] -- Installing: /home/dead/ws_sensor_combined/install/px4_ros_com/share/ament_index/resource_index/parent_prefix_path/px4_ros_com
[25.520s] -- Installing: /home/dead/ws_sensor_combined/install/px4_ros_com/share/px4_ros_com/environment/ament_prefix_path.sh
[25.521s] -- Installing: /home/dead/ws_sensor_combined/install/px4_ros_com/share/px4_ros_com/environment/ament_prefix_path.dsv
[25.521s] -- Installing: /home/dead/ws_sensor_combined/install/px4_ros_com/share/px4_ros_com/environment/path.sh
[25.521s] -- Installing: /home/dead/ws_sensor_combined/install/px4_ros_com/share/px4_ros_com/environment/path.dsv
[25.522s] -- Installing: /home/dead/ws_sensor_combined/install/px4_ros_com/share/px4_ros_com/local_setup.bash
[25.522s] -- Installing: /home/dead/ws_sensor_combined/install/px4_ros_com/share/px4_ros_com/local_setup.sh
[25.522s] -- Installing: /home/dead/ws_sensor_combined/install/px4_ros_com/share/px4_ros_com/local_setup.zsh
[25.523s] -- Installing: /home/dead/ws_sensor_combined/install/px4_ros_com/share/px4_ros_com/local_setup.dsv
[25.523s] -- Installing: /home/dead/ws_sensor_combined/install/px4_ros_com/share/px4_ros_com/package.dsv
[25.523s] -- Installing: /home/dead/ws_sensor_combined/install/px4_ros_com/share/ament_index/resource_index/packages/px4_ros_com
[25.523s] -- Installing: /home/dead/ws_sensor_combined/install/px4_ros_com/share/px4_ros_com/cmake/export_frame_transformsExport.cmake
[25.523s] -- Installing: /home/dead/ws_sensor_combined/install/px4_ros_com/share/px4_ros_com/cmake/export_frame_transformsExport-noconfig.cmake
[25.524s] -- Installing: /home/dead/ws_sensor_combined/install/px4_ros_com/share/px4_ros_com/cmake/ament_cmake_export_dependencies-extras.cmake
[25.524s] -- Installing: /home/dead/ws_sensor_combined/install/px4_ros_com/share/px4_ros_com/cmake/ament_cmake_export_targets-extras.cmake
[25.524s] -- Installing: /home/dead/ws_sensor_combined/install/px4_ros_com/share/px4_ros_com/cmake/ament_cmake_export_include_directories-extras.cmake
[25.525s] -- Installing: /home/dead/ws_sensor_combined/install/px4_ros_com/share/px4_ros_com/cmake/ament_cmake_export_libraries-extras.cmake
[25.525s] -- Installing: /home/dead/ws_sensor_combined/install/px4_ros_com/share/px4_ros_com/cmake/px4_ros_comConfig.cmake
[25.525s] -- Installing: /home/dead/ws_sensor_combined/install/px4_ros_com/share/px4_ros_com/cmake/px4_ros_comConfig-version.cmake
[25.525s] -- Installing: /home/dead/ws_sensor_combined/install/px4_ros_com/share/px4_ros_com/package.xml
[25.536s] Invoked command in '/home/dead/ws_sensor_combined/build/px4_ros_com' returned '0': AMENT_PREFIX_PATH=/home/dead/ws_sensor_combined/install/px4_msgs:${AMENT_PREFIX_PATH} CMAKE_PREFIX_PATH=/home/dead/ws_sensor_combined/install/px4_msgs:/opt/ros/humble LD_LIBRARY_PATH=/home/dead/ws_sensor_combined/install/px4_msgs/lib:${LD_LIBRARY_PATH} PYTHONPATH=/home/dead/ws_sensor_combined/install/px4_msgs/local/lib/python3.10/dist-packages:${PYTHONPATH} /usr/bin/cmake --install /home/dead/ws_sensor_combined/build/px4_ros_com
